[17May2026 18:31:36.847] [main/INFO] [cpw.mods.modlauncher.Launcher/MODLAUNCHER]: ModLauncher running: args [--launchTarget, neoforgeclientdev, --version, 21.8.31, --assetIndex, 26, --assetsDir, /home/vegesmasher/.mcreator/gradle/caches/neoformruntime/assets, --fml.fmlVersion, 9.0.16, --fml.mcVersion, 1.21.8, --fml.neoForgeVersion, 21.8.31, --fml.neoFormVersion, 20250717.133445]
[17May2026 18:31:36.849] [main/INFO] [cpw.mods.modlauncher.Launcher/MODLAUNCHER]: JVM identified as JetBrains s.r.o. OpenJDK 64-Bit Server VM 21.0.10+7-b1163.105
[17May2026 18:31:36.849] [main/INFO] [cpw.mods.modlauncher.Launcher/MODLAUNCHER]: ModLauncher 9.0 starting: java version 21.0.10 by JetBrains s.r.o.; OS Linux arch amd64 version 6.18.12-1-MANJARO
[17May2026 18:31:36.879] [main/WARN] [net.neoforged.fml.loading.FMLConfig/CORE]: Configuration file /home/vegesmasher/mintyirlplanets/run/config/fml.toml is not correct. Correcting
[17May2026 18:31:36.890] [main/INFO] [net.neoforged.fml.loading.ImmediateWindowHandler/]: Loading ImmediateWindowProvider fmlearlywindow
[17May2026 18:31:37.050] [main/INFO] [mixin/]: SpongePowered MIXIN Subsystem Version=0.8.7 Source=union:/home/vegesmasher/.mcreator/gradle/caches/modules-2/files-2.1/net.fabricmc/sponge-mixin/0.15.2+mixin.0.8.7/2af2f021d8e02a0220dc27a7a72b4666d66d44ca/sponge-mixin-0.15.2+mixin.0.8.7.jar%23145!/ Service=ModLauncher Env=CLIENT
[17May2026 18:31:37.054] [main/WARN] [net.neoforged.fml.loading.FMLConfig/CORE]: Configuration file /home/vegesmasher/mintyirlplanets/run/config/fml.toml is not correct. Correcting
[17May2026 18:31:37.115] [fml-loadingscreen/INFO] [net.neoforged.fml.earlydisplay.render.LoadingScreenRenderer/]: GL info: AMD Radeon RX 7900 GRE (radeonsi, navi31, LLVM 21.1.6, DRM 3.64, 6.18.12-1-MANJARO) GL version 4.6 (Core Profile) Mesa 25.3.5-arch1.1, AMD
[17May2026 18:31:37.195] [main/INFO] [net.neoforged.fml.loading.moddiscovery.locators.JarInJarDependencyLocator/]: Found 2 dependencies adding them to mods collection
[17May2026 18:31:37.196] [main/INFO] [net.neoforged.fml.loading.moddiscovery.ModDiscoverer/]: 
     Mod List:
		Name Version (Mod Id)

		Minecraft 1.21.8 (minecraft)
		NeoForge 21.8.31 (neoforge)
		MintyIRL Planets 0.3.3 (mintyirlplanets)
[17May2026 18:31:37.438] [main/INFO] [cpw.mods.modlauncher.LaunchServiceHandler/MODLAUNCHER]: Launching target 'neoforgeclientdev' with arguments [--version, 21.8.31, --assetsDir, /home/vegesmasher/.mcreator/gradle/caches/neoformruntime/assets, --assetIndex, 26]
[17May2026 18:31:38.067] [pool-6-thread-1/INFO] [MixinExtras|Service/]: Initializing MixinExtras via com.llamalad7.mixinextras.service.MixinExtrasServiceImpl(version=0.5.0).
[17May2026 18:31:38.103] [Datafixer Bootstrap/INFO] [com.mojang.datafixers.DataFixerBuilder/]: 272 Datafixer optimizations took 180 milliseconds
[17May2026 18:31:40.485] [main/WARN] [net.minecraft.commands.Commands/]: Ambiguity between arguments [teleport, location] and [teleport, destination] with inputs: [0.1 -0.5 .9, 0 0 0]
[17May2026 18:31:40.486] [main/WARN] [net.minecraft.commands.Commands/]: Ambiguity between arguments [teleport, location] and [teleport, targets] with inputs: [0.1 -0.5 .9, 0 0 0]
[17May2026 18:31:40.487] [main/WARN] [net.minecraft.commands.Commands/]: Ambiguity between arguments [teleport, destination] and [teleport, targets] with inputs: [Player, 0123, @e, dd12be42-52a9-4a91-a8a1-11c01849e498]
[17May2026 18:31:40.488] [main/WARN] [net.minecraft.commands.Commands/]: Ambiguity between arguments [teleport, targets] and [teleport, destination] with inputs: [Player, 0123, dd12be42-52a9-4a91-a8a1-11c01849e498]
[17May2026 18:31:40.488] [main/WARN] [net.minecraft.commands.Commands/]: Ambiguity between arguments [teleport, targets, location] and [teleport, targets, destination] with inputs: [0.1 -0.5 .9, 0 0 0]
[17May2026 18:31:40.489] [main/WARN] [net.minecraft.commands.Commands/]: Ambiguity between arguments [waypoint, modify, waypoint, color, reset] and [waypoint, modify, waypoint, color, color] with inputs: [reset]
[17May2026 18:31:40.525] [modloading-worker-0/INFO] [net.neoforged.neoforge.common.NeoForgeMod/NEOFORGE-MOD]: NeoForge mod loading, version 21.8.31, for MC 1.21.8
[17May2026 18:31:40.914] [Render thread/WARN] [net.minecraft.server.packs.VanillaPackResourcesBuilder/]: Assets URL 'union:/home/vegesmasher/mintyirlplanets/build/moddev/artifacts/neoforge-21.8.31.jar%23200!/assets/.mcassetsroot' uses unexpected schema
[17May2026 18:31:40.915] [Render thread/WARN] [net.minecraft.server.packs.VanillaPackResourcesBuilder/]: Assets URL 'union:/home/vegesmasher/mintyirlplanets/build/moddev/artifacts/neoforge-21.8.31.jar%23200!/data/.mcassetsroot' uses unexpected schema
[17May2026 18:31:40.931] [Render thread/INFO] [com.mojang.authlib.yggdrasil.YggdrasilAuthenticationService/]: Environment: Environment[sessionHost=https://sessionserver.mojang.com, servicesHost=https://api.minecraftservices.com, name=PROD]
[17May2026 18:31:40.936] [Render thread/INFO] [net.minecraft.client.Minecraft/]: Setting user: Dev
[17May2026 18:31:40.993] [Render thread/INFO] [net.minecraft.client.Minecraft/]: Backend library: LWJGL version 3.3.3+5
[17May2026 18:31:41.034] [Render thread/INFO] [net.minecraft.client.Minecraft/]: Using optional rendering extensions: GL_ARB_buffer_storage, GL_KHR_debug, GL_ARB_vertex_attrib_binding, GL_ARB_direct_state_access
[17May2026 18:31:41.418] [Render thread/INFO] [net.minecraft.server.packs.resources.ReloadableResourceManager/]: Reloading ResourceManager: vanilla, mod_resources, mod/neoforge, mod/mintyirlplanets
[17May2026 18:31:41.452] [resourceLoad/INFO] [net.minecraft.client.gui.font.providers.UnihexProvider/]: Found unifont_pua-16.0.03.hex, loading
[17May2026 18:31:41.461] [resourceLoad/INFO] [net.minecraft.client.gui.font.providers.UnihexProvider/]: Found unifont_all_no_pua-16.0.03.hex, loading
[17May2026 18:31:41.537] [resourceLoad/INFO] [net.minecraft.client.gui.font.providers.UnihexProvider/]: Found unifont_jp_patch-16.0.03.hex, loading
[17May2026 18:31:41.646] [resourceLoad/WARN] [net.minecraft.client.renderer.texture.SpriteLoader/]: Texture mintyirlplanets:item/eviltree with size 617x1108 limits mip level from 2 to 0
[17May2026 18:31:41.719] [resourceLoad/WARN] [net.minecraft.client.resources.model.ModelDiscovery/]: Missing block model: mintyirlplanets:item/flower_crown_boots
[17May2026 18:31:41.720] [resourceLoad/WARN] [net.minecraft.client.resources.model.ModelDiscovery/]: Missing block model: mintyirlplanets:item/flower_crown_leggings
[17May2026 18:31:41.721] [resourceLoad/WARN] [net.minecraft.client.resources.model.ModelDiscovery/]: Missing block model: mintyirlplanets:item/flower_crown_chestplate
[17May2026 18:31:42.103] [Render thread/INFO] [com.mojang.blaze3d.audio.Library/]: OpenAL initialized on device USB Audio Speakers
[17May2026 18:31:42.103] [Render thread/INFO] [net.minecraft.client.sounds.SoundEngine/SOUNDS]: Sound engine started
[17May2026 18:31:42.155] [Render thread/INFO] [net.minecraft.client.renderer.texture.TextureAtlas/]: Created: 4096x2048x2 minecraft:textures/atlas/blocks.png-atlas
[17May2026 18:31:42.174] [Render thread/INFO] [net.minecraft.client.renderer.texture.TextureAtlas/]: Created: 256x256x2 minecraft:textures/atlas/signs.png-atlas
[17May2026 18:31:42.174] [Render thread/INFO] [net.minecraft.client.renderer.texture.TextureAtlas/]: Created: 512x512x2 minecraft:textures/atlas/shield_patterns.png-atlas
[17May2026 18:31:42.175] [Render thread/INFO] [net.minecraft.client.renderer.texture.TextureAtlas/]: Created: 512x512x2 minecraft:textures/atlas/banner_patterns.png-atlas
[17May2026 18:31:42.175] [Render thread/INFO] [net.minecraft.client.renderer.texture.TextureAtlas/]: Created: 2048x1024x2 minecraft:textures/atlas/armor_trims.png-atlas
[17May2026 18:31:42.180] [Render thread/INFO] [net.minecraft.client.renderer.texture.TextureAtlas/]: Created: 256x256x2 minecraft:textures/atlas/chest.png-atlas
[17May2026 18:31:42.180] [Render thread/INFO] [net.minecraft.client.renderer.texture.TextureAtlas/]: Created: 128x64x2 minecraft:textures/atlas/decorated_pot.png-atlas
[17May2026 18:31:42.180] [Render thread/INFO] [net.minecraft.client.renderer.texture.TextureAtlas/]: Created: 512x256x2 minecraft:textures/atlas/beds.png-atlas
[17May2026 18:31:42.181] [Render thread/INFO] [net.minecraft.client.renderer.texture.TextureAtlas/]: Created: 512x256x2 minecraft:textures/atlas/shulker_boxes.png-atlas
[17May2026 18:31:42.182] [Render thread/INFO] [net.minecraft.client.renderer.texture.TextureAtlas/]: Created: 64x64x0 minecraft:textures/atlas/map_decorations.png-atlas
[17May2026 18:31:42.212] [Render thread/INFO] [net.minecraft.client.renderer.texture.TextureAtlas/]: Created: 512x256x0 minecraft:textures/atlas/particles.png-atlas
[17May2026 18:31:42.213] [Render thread/INFO] [net.minecraft.client.renderer.texture.TextureAtlas/]: Created: 512x256x0 minecraft:textures/atlas/paintings.png-atlas
[17May2026 18:31:42.214] [Render thread/INFO] [net.minecraft.client.renderer.texture.TextureAtlas/]: Created: 1024x512x0 minecraft:textures/atlas/gui.png-atlas
[17May2026 18:31:42.216] [Render thread/INFO] [net.neoforged.neoforge.client.entity.animation.json.AnimationLoader/]: Loaded 0 entity animations
[17May2026 18:31:46.141] [Worker-Main-4/ERROR] [net.minecraft.server.packs.resources.SimpleJsonResourceReloadListener/]: Couldn't parse data file 'mintyirlplanets:tosser_gres' from 'mintyirlplanets:recipe/tosser_gres.json': DataResult.Error['Unknown registry key in ResourceKey[minecraft:root / minecraft:item]: mintyirlplanets:deleted_mod_element; Map entry 'a' : Failed to parse either. First: Not a JSON object: "mintyirlplanets:deleted_mod_element"; Second: Failed to parse either. First: Not a tag id; Second: Failed to parse either. First: Not a json array: "mintyirlplanets:deleted_mod_element"; Second: Unknown registry key in ResourceKey[minecraft:root / minecraft:item]: mintyirlplanets:deleted_mod_element; Not a JSON object: "mintyirlplanets:deleted_mod_element"']
[17May2026 18:31:46.142] [Worker-Main-4/ERROR] [net.minecraft.server.packs.resources.SimpleJsonResourceReloadListener/]: Couldn't parse data file 'mintyirlplanets:tossergtrr' from 'mintyirlplanets:recipe/tossergtrr.json': DataResult.Error['Unknown registry key in ResourceKey[minecraft:root / minecraft:item]: mintyirlplanets:deleted_mod_element']
[17May2026 18:31:46.192] [Worker-Main-13/ERROR] [net.minecraft.server.packs.resources.SimpleJsonResourceReloadListener/]: Couldn't parse data file 'mintyirlplanets:recipes/tosser_gres' from 'mintyirlplanets:advancement/recipes/tosser_gres.json': DataResult.Error['Failed to parse either. First: Not a JSON object: "mintyirlplanets:deleted_mod_element"; Second: Failed to parse either. First: Not a tag id; Second: Failed to parse either. First: Not a json array: "mintyirlplanets:deleted_mod_element"; Second: Failed to get element mintyirlplanets:deleted_mod_element missed input: {"has_ingredient_0":{"conditions":{"items":[{"items":"mintyirlplanets:deleted_mod_element"}]},"trigger":"minecraft:inventory_changed"}}': Optional[Advancement[parent=Optional[minecraft:recipes/root], display=Optional.empty, rewards=AdvancementRewards[experience=0, loot=[], recipes=[ResourceKey[minecraft:recipe / mintyirlplanets:tosser_gres]], function=Optional.empty], criteria={has_ingredient_0=Criterion[trigger=net.minecraft.advancements.critereon.InventoryChangeTrigger@650fa8f8, triggerInstance=TriggerInstance[player=Optional.empty, slots=Slots[occupied=Ints[min=Optional.empty, max=Optional.empty, minSq=Optional.empty, maxSq=Optional.empty], full=Ints[min=Optional.empty, max=Optional.empty, minSq=Optional.empty, maxSq=Optional.empty], empty=Ints[min=Optional.empty, max=Optional.empty, minSq=Optional.empty, maxSq=Optional.empty]], items=[ItemPredicate[items=Optional.empty, count=Ints[min=Optional.empty, max=Optional.empty, minSq=Optional.empty, maxSq=Optional.empty], components=DataComponentMatchers[exact=[], partial={}]]]]], has_the_recipe=Criterion[trigger=net.minecraft.advancements.critereon.RecipeUnlockedTrigger@3393a271, triggerInstance=TriggerInstance[player=Optional.empty, recipe=ResourceKey[minecraft:recipe / mintyirlplanets:tosser_gres]]]}, requirements=[[has_the_recipe, has_ingredient_0]], sendsTelemetryEvent=false, name=Optional.empty]]]
[17May2026 18:31:46.196] [Render thread/INFO] [net.minecraft.world.item.crafting.RecipeManager/]: Loaded 1594 recipes
[17May2026 18:31:46.204] [Render thread/INFO] [net.minecraft.advancements.AdvancementTree/]: Loaded 1699 advancements
[17May2026 18:31:46.205] [Render thread/INFO] [net.neoforged.neoforge.common.crafting.RecipePriorityManager/]: Loaded 0 recipe priority overrides
[17May2026 18:31:46.299] [Server thread/INFO] [net.minecraft.client.server.IntegratedServer/]: Starting integrated minecraft server version 1.21.8
[17May2026 18:31:46.300] [Server thread/INFO] [net.minecraft.server.MinecraftServer/]: Generating keypair
[17May2026 18:31:46.536] [Server thread/INFO] [net.minecraft.server.MinecraftServer/]: Preparing start region for dimension minecraft:overworld
[17May2026 18:31:46.879] [progressListener/INFO] [net.minecraft.server.level.progress.LoggerChunkProgressListener/]: Preparing spawn area: 0%
[17May2026 18:31:46.921] [Server thread/INFO] [net.neoforged.neoforge.server.permission.PermissionAPI/]: Successfully initialized permission handler neoforge:default_handler
[17May2026 18:31:46.921] [progressListener/INFO] [net.minecraft.server.level.progress.LoggerChunkProgressListener/]: Time elapsed: 370 ms
[17May2026 18:31:46.962] [Server thread/INFO] [net.minecraft.client.server.IntegratedServer/]: Changing simulation distance to 6, from 0
[17May2026 18:31:47.395] [Server thread/INFO] [net.minecraft.server.players.PlayerList/]: Dev[local:E:48eaa41e] logged in with entity id 82 at (-174.4475630952551, -4.0, 146.30000001192093)
[17May2026 18:31:47.433] [Server thread/INFO] [net.minecraft.server.MinecraftServer/]: Dev joined the game
[17May2026 18:31:47.558] [Render thread/INFO] [net.minecraft.client.renderer.DynamicUniformStorage/]: Resizing Dynamic Transforms UBO, capacity limit of 2 reached during a single frame. New capacity will be 4.
[17May2026 18:31:47.594] [Render thread/INFO] [net.minecraft.client.renderer.DynamicUniformStorage/]: Resizing Dynamic Transforms UBO, capacity limit of 4 reached during a single frame. New capacity will be 8.
[17May2026 18:31:47.599] [Render thread/INFO] [net.minecraft.advancements.AdvancementTree/]: Loaded 108 advancements
[17May2026 18:31:47.748] [Render thread/INFO] [net.minecraft.client.renderer.DynamicUniformStorage/]: Resizing Dynamic Transforms UBO, capacity limit of 8 reached during a single frame. New capacity will be 16.
[17May2026 18:31:47.762] [Render thread/INFO] [net.minecraft.client.renderer.DynamicUniformStorage/]: Resizing Dynamic Transforms UBO, capacity limit of 16 reached during a single frame. New capacity will be 32.
[17May2026 18:31:47.829] [Render thread/INFO] [net.minecraft.client.renderer.DynamicUniformStorage/]: Resizing Dynamic Transforms UBO, capacity limit of 32 reached during a single frame. New capacity will be 64.
[17May2026 18:31:47.948] [Render thread/INFO] [net.minecraft.client.renderer.DynamicUniformStorage/]: Resizing Dynamic Transforms UBO, capacity limit of 64 reached during a single frame. New capacity will be 128.
[17May2026 18:31:48.032] [Render thread/INFO] [net.minecraft.client.renderer.DynamicUniformStorage/]: Resizing Dynamic Transforms UBO, capacity limit of 128 reached during a single frame. New capacity will be 256.
[17May2026 18:31:53.102] [Server thread/INFO] [net.minecraft.server.MinecraftServer/]: [Dev: Set own game mode to Creative Mode]
[17May2026 18:31:53.112] [Render thread/INFO] [net.minecraft.client.gui.components.ChatComponent/]: [System] [CHAT] Set own game mode to Creative Mode
[17May2026 18:31:58.522] [Server thread/INFO] [net.minecraft.client.server.IntegratedServer/]: Saving and pausing game...
[17May2026 18:31:58.560] [Server thread/INFO] [net.minecraft.server.MinecraftServer/]: Saving chunks for level 'ServerLevel[New World]'/minecraft:overworld
[17May2026 18:31:58.569] [Server thread/INFO] [net.minecraft.server.MinecraftServer/]: Saving chunks for level 'ServerLevel[New World]'/mintyirlplanets:mars
[17May2026 18:31:58.573] [Server thread/INFO] [net.minecraft.server.MinecraftServer/]: Saving chunks for level 'ServerLevel[New World]'/minecraft:the_end
[17May2026 18:31:58.574] [Server thread/INFO] [net.minecraft.server.MinecraftServer/]: Saving chunks for level 'ServerLevel[New World]'/mintyirlplanets:saturn
[17May2026 18:31:58.574] [Server thread/INFO] [net.minecraft.server.MinecraftServer/]: Saving chunks for level 'ServerLevel[New World]'/mintyirlplanets:the_moon
[17May2026 18:31:58.574] [Server thread/INFO] [net.minecraft.server.MinecraftServer/]: Saving chunks for level 'ServerLevel[New World]'/minecraft:the_nether
[17May2026 18:31:59.424] [Server thread/INFO] [net.minecraft.server.network.ServerGamePacketListenerImpl/]: Dev lost connection: Disconnected
[17May2026 18:31:59.424] [Server thread/INFO] [net.minecraft.server.MinecraftServer/]: Dev left the game
[17May2026 18:31:59.433] [Server thread/INFO] [net.minecraft.server.network.ServerCommonPacketListenerImpl/]: Stopping singleplayer server as player logged out
[17May2026 18:31:59.472] [Server thread/INFO] [net.minecraft.server.MinecraftServer/]: Stopping server
[17May2026 18:31:59.473] [Server thread/INFO] [net.minecraft.server.MinecraftServer/]: Saving players
[17May2026 18:31:59.473] [Server thread/INFO] [net.minecraft.server.MinecraftServer/]: Saving worlds
[17May2026 18:31:59.496] [Server thread/INFO] [net.minecraft.server.MinecraftServer/]: Saving chunks for level 'ServerLevel[New World]'/minecraft:overworld
[17May2026 18:31:59.509] [Server thread/INFO] [net.minecraft.server.MinecraftServer/]: Saving chunks for level 'ServerLevel[New World]'/mintyirlplanets:mars
[17May2026 18:31:59.527] [Server thread/INFO] [net.minecraft.server.MinecraftServer/]: Saving chunks for level 'ServerLevel[New World]'/minecraft:the_end
[17May2026 18:31:59.529] [Server thread/INFO] [net.minecraft.server.MinecraftServer/]: Saving chunks for level 'ServerLevel[New World]'/mintyirlplanets:saturn
[17May2026 18:31:59.530] [Server thread/INFO] [net.minecraft.server.MinecraftServer/]: Saving chunks for level 'ServerLevel[New World]'/mintyirlplanets:the_moon
[17May2026 18:31:59.532] [Server thread/INFO] [net.minecraft.server.MinecraftServer/]: Saving chunks for level 'ServerLevel[New World]'/minecraft:the_nether
[17May2026 18:31:59.539] [Server thread/INFO] [net.minecraft.server.MinecraftServer/]: ThreadedAnvilChunkStorage (New World (43)): All chunks are saved
[17May2026 18:31:59.539] [Server thread/INFO] [net.minecraft.server.MinecraftServer/]: ThreadedAnvilChunkStorage (mars): All chunks are saved
[17May2026 18:31:59.539] [Server thread/INFO] [net.minecraft.server.MinecraftServer/]: ThreadedAnvilChunkStorage (DIM1): All chunks are saved
[17May2026 18:31:59.539] [Server thread/INFO] [net.minecraft.server.MinecraftServer/]: ThreadedAnvilChunkStorage (saturn): All chunks are saved
[17May2026 18:31:59.539] [Server thread/INFO] [net.minecraft.server.MinecraftServer/]: ThreadedAnvilChunkStorage (the_moon): All chunks are saved
[17May2026 18:31:59.539] [Server thread/INFO] [net.minecraft.server.MinecraftServer/]: ThreadedAnvilChunkStorage (DIM-1): All chunks are saved
[17May2026 18:31:59.539] [Server thread/INFO] [net.minecraft.server.MinecraftServer/]: ThreadedAnvilChunkStorage: All dimensions are saved
[17May2026 18:32:00.072] [Render thread/INFO] [net.minecraft.client.Minecraft/]: Stopping!
